835399117
10916907
369480646
679960465
829922762
560696797
806402369
338154307
257070701
996801989
981683896
624631031
688854974
644310432
200125434
113274563
344412176
504590077
396736038
649948322
243637263
805101539
927567864
152109079
852445378
757382592
997654241
142735322
864318154
50569703
797136391
860336486
774503694
182472224
719320816
420190647
756829660
348946697
587597148
184773182
842234760
574692287
197040449
114599431
148324839
623916243
728787311
916607024
715178572
233451075
213964811
112031369
292022896
874854329
377837328
65154246
926924880
470060267
36166923
823738387
710036286
140858086
595065502
586505383
600748570
14381874
490391933
545375629
961630765
990955317
995518434
496030991
991215536
168400326
836246491
247697146
510483590
744597987
215736155
79739699
660661700
404354432
991786986
576924804
616836670
656265589
898743172
563078847
496150903
799574174
66323627
989449401
106750754
713413631
627214725
979187231
301544062
34029896
561696505
210864906
369336285
373758307
252261237
588011623
287599569
528164583
359777206
104694470
801139264
691693453
402849855
874155257
544276000
513126461
633507032
991958486
803129042
907563176
108266193
323841452
651367034
154856611
575703150
344261495
546074008
507136512
463710467
936860287
972081160
246411742
323101817
206204931
557147365
788161438
351340449
582582018
364850706
513780941
164368339
316394888
656231964
342073188
333004936
339614337
438478778
988544857
908797640
642501391
679183569
709819258
657378447
317343154
527755764
484899649
237765677
802420713
545231542
690286667
728924732
691470148
400307883
857919757
821007765
751164231
203987683
401070004
590136972
299931101
362939063
92383794
144276710
143835732
731832138
532946516
483807079
698189463
201403558
214433037
443235547
534769928
162347092
433488249
880890187
182089951
566481798
711617323
13469725
794863263
412972285
44337581
454215830
354902076
453236901
486789956
500111733
613950127
88678208
530975707
59466005
815104040
76792993
755679160
995194362
9447798
967102070
222406593
605927423
522204545
618726689
291946660
932526519
662253861
983858506
140319100
62915862
296714859
815281125
180360472
38606842
831820015
120228078
109530203
267794977
641322733
673625452
300400623
8169698
503309967
262390452
517013247
915054805
888270024
819895630
229693391
399472993
276073759
78595696
377013404
506563645
221676249
336736854
859833370
654117864
867241379
975523851
249907919
614916855
459406526
46074226
773643748
700420
876126819
324828333
127204608
473321382
676687590
595789699
552248436
611944952
864140483
784602079
265391628
959085336
430807479
565312969
565695778
361373893
594933633
675213017
674368574
947770428
516975764
606746173
845718888
927573808
331520660
348172270
307164924
182753934
491086760
558013930
645706093
12288409
515666544
940540935
433051421
944244025
891125514
688517843
395959043
559632029
367994064
168193056
642752195
299689136
837333085
410852718
932992864
596704876
605150895
328681277
646923055
994627263
344150404
901896210
644123070
593645157
975512581
576125317
772403380
432349345
357466039
718610422
840371884
51165672
367286477
600788809
288796255
631627
762625241
106070280
683217421
544537804
397888558
99908645
866849443
927207134
953079667
578312461
72942219
895725500
374032978
981000839
318973599
610015474
39451807
590433130
335248690
611232026
428240629
925656656
327456627
187826629
742414215
347106632
14579266
568425118
780170447
648994418
957072143
568050254
787459330
422352924
893771696
654573831
32379880
736173612
808279530
448200852
136855112
952871112
751444892
58694404
563649984
353373276
982230400
780001868
994147436
730189086
764126665
698468341
91144300
405524350
267260365
777630402
654007805
567195893
948143563
279900452
71039702
969282005
684964104
738036148
691015946
344169340
539602043
556707770
978727338
794318138
300589546
432637093
761841486
789024800
97850473
442424585
7744567
847416262
671394226
463982772
966246451
485758289
813754125
582934301
314897935
352050391
479721408
645136321
867005138
895211128
244664999
868473433
976703305
865945126
879499101
108704000
128375438
485515910
758381915
801020002
903577147
630152257
860622255
383590062
860004976
537643435
363578565
375481168
272045810
543179464
735135261
84093124
866953400
616168879
560727585
513409165
298017770
710985310
92907185
829996220
782812047
681893204
662470254
818014114
132290716
85097054
834608500
945538204
497551144
836390855
348048116
765116349
127986217
961827860
189245218
364135341
937779313
153093890
795034012
227657994
333587693
703810487
994591095
995934570
963389002
686975802
865110258
806020986
761260553
633286452
618282460
176657789
738663331
732177867
809466102
914045833
829815098
399559418
804359073
262492753
429535219
402846051
678663087
641573058
207807123
378923261
420529366
759728599
88401143
779294335
13009914
422671595
777728844
147202664
344282724
244762693
315726135
864461510
826493378
662975431
162514542
753384280
97438785
326088143
407353982
633411167
692013385
834101093
483373109
168467447
17764007
540175864
268366472
274520988
838066424
417290539
290203505
349724584
296200203
180004948
175327832
947818370
214546716
753172027
989480765
524502531
334009892
902621018
489209641
394191842
5930825
427058116
969053700
228407476
57750560
582062235
852026115
346063651
154335446
263485459
321465153
529893115
905935607
234147610
980020668
929758382
169048229
311087163
235232514
387971928
266287825
938261000
795459695
8334210
520775017
142424383
206446784
38149163
794365115
563017181
160814206
589786266
124107425
891540158
943974189
210915601
947588310
622578815
842118882
860190842
889440519
595511273
984235655
650865176
471965515
875860678
864515465
482646393
431992748
178803962
192239493
641238238
25304261
584466007
763117224
120192531
414833829
776153386
263996953
574206413
84545808
728758502
899909458
69556878
71077706
634439900
924135119
219678586
448578753
509531442
389454087
617131190
235049564
395005703
715209301
969578262
883864905
143619102
837309471
582639683
652077406
503822786
379364221
54302563
839746657
393901840
897695571
304740364
644634834
632244498
228340575
879442171
718682528
90018541
436001678
693651620
262341448
248081219
569437280
882880863
829689822
192192118
271309802
98237586
642133411
255719828
379810845
144905286
13675158
516475692
316849953
842738830
606198115
159519346
35370588
680017318
35533439
246170604
299762034
991973422
300758744
960762658
456458038
156605063
508481858
72414465
559820172
396013675
976086670
831985569
206680979
104125628
607113595
544634151
515930132
407091706
6193742
467850983
692247047
893298196
744640411
267341367
672545230
662869427
46054013
15226295
503349778
308221200
629629067
725349254
970725496
769113216
364111477
742950263
887861737
296566736
617280832
73690472
157869652
994301320
673411690
918597727
248336278
191655738
244544365
514619347
15517995
338823266
659844676
907799392
488910546
324026577
103515162
755440315
843850406
674821781
672773459
355711188
373308954
483906279
355580938
167729610
174190991
647237656
606878614
8209506
712321827
276633180
278215044
743762128
161939775
674043852
821466361
825575013
534032496
762400254
35219512
863198741
366607063
571178749
957613549
233348825
273638227
840786213
970845421
803393388
833345306
689240903
408478801
611873589
667324882
689662300
690260170
227210420
921575722
711522715
206798155
272930356
744241373
577342423
23203010
477460675
484239044
797699529
74870986
729433700
145338573
40947557
945226145
376115343
941343968
625338529
309728828
608960029
955072950
870987682
847464323
542390947
610764197
460785897
711441405
194370638
559951552
415303921
38987730
597632573
486020660
797809750
814326987
921950303
725369106
311012394
41512574
970317167
120187366
103813431
147465706
384228177
688061696
445157105
486666005
419401379
662512829
148060479
190052811
572904893
599609713
201909546
266852665
942657968
926277428
117771950
833632288
96126059
549759825
665828749
626620881
15291578
613066872
157863199
620059196
133936271
577732888
328185803
245231154
983205738
704945650
521351905
147764606
81832271
773002434
273612763
732225180
337718076
242872594
264028005
166077524
113317528
476462987
255718033
645457275
980223867
203878788
102896421
613488635
217990896
139450144
71537501
458110222
666756240
191745094
457645318
445435208
950996393
268766584
641630141
